<?xml version="1.0" encoding="UTF-8"?>
<!-- Generated by org.testng.reporters.JUnitXMLReporter -->
<testsuite ignored="8" hostname="IN-PF2NA9MA" failures="1" tests="1" name="Default test(failed)" time="119.698" errors="0" timestamp="2023-02-21T00:49:44 IST">
  <testcase classname="PanoTestComponents.PanoPolicyDetailsTest" name="PolicySearch" time="71.922">
    <failure type="org.openqa.selenium.NoSuchElementException" message="no such element: Unable to locate element: {&amp;quot;method&amp;quot;:&amp;quot;xpath&amp;quot;,&amp;quot;selector&amp;quot;:&amp;quot;//span[text()=&amp;apos;DETAILS&amp;apos;]//following::dd[16]&amp;quot;}
  (Session info: chrome=110.0.5481.104)
For documentation on this error, please visit: https://selenium.dev/exceptions/#no_such_element
Build info: version: &amp;apos;4.5.0&amp;apos;, revision: &amp;apos;fe167b119a&amp;apos;
System info: os.name: &amp;apos;Windows 10&amp;apos;, os.arch: &amp;apos;amd64&amp;apos;, os.version: &amp;apos;10.0&amp;apos;, java.version: &amp;apos;17.0.4.1&amp;apos;
Driver info: org.openqa.selenium.chrome.ChromeDriver
Command: [d54be0e55d6148f4f19844fe84a935fa, findElement {using=xpath, value=//span[text()=&amp;apos;DETAILS&amp;apos;]//following::dd[16]}]
Capabilities {acceptInsecureCerts: false, browserName: chrome, browserVersion: 110.0.5481.104, chrome: {chromedriverVersion: 110.0.5481.77 (65ed616c6e8e..., userDataDir: C:\Users\SREDDY~1\AppData\L...}, goog:chromeOptions: {debuggerAddress: localhost:62002}, networkConnectionEnabled: false, pageLoadStrategy: normal, platformName: WINDOWS, proxy: Proxy(), se:cdp: ws://localhost:62002/devtoo..., se:cdpVersion: 110.0.5481.104, setWindowRect: true, strictFileInteractability: false, timeouts: {implicit: 0, pageLoad: 300000, script: 30000}, unhandledPromptBehavior: dismiss and notify, webauthn:extension:credBlob: true, webauthn:extension:largeBlob: true, webauthn:virtualAuthenticators: true}
Session ID: d54be0e55d6148f4f19844fe84a935fa">
      <![CDATA[org.openqa.selenium.NoSuchElementException: no such element: Unable to locate element: {"method":"xpath","selector":"//span[text()='DETAILS']//following::dd[16]"}
  (Session info: chrome=110.0.5481.104)
For documentation on this error, please visit: https://selenium.dev/exceptions/#no_such_element
Build info: version: '4.5.0', revision: 'fe167b119a'
System info: os.name: 'Windows 10', os.arch: 'amd64', os.version: '10.0', java.version: '17.0.4.1'
Driver info: org.openqa.selenium.chrome.ChromeDriver
Command: [d54be0e55d6148f4f19844fe84a935fa, findElement {using=xpath, value=//span[text()='DETAILS']//following::dd[16]}]
Capabilities {acceptInsecureCerts: false, browserName: chrome, browserVersion: 110.0.5481.104, chrome: {chromedriverVersion: 110.0.5481.77 (65ed616c6e8e..., userDataDir: C:\Users\SREDDY~1\AppData\L...}, goog:chromeOptions: {debuggerAddress: localhost:62002}, networkConnectionEnabled: false, pageLoadStrategy: normal, platformName: WINDOWS, proxy: Proxy(), se:cdp: ws://localhost:62002/devtoo..., se:cdpVersion: 110.0.5481.104, setWindowRect: true, strictFileInteractability: false, timeouts: {implicit: 0, pageLoad: 300000, script: 30000}, unhandledPromptBehavior: dismiss and notify, webauthn:extension:credBlob: true, webauthn:extension:largeBlob: true, webauthn:virtualAuthenticators: true}
Session ID: d54be0e55d6148f4f19844fe84a935fa
at org.openqa.selenium.remote.codec.w3c.W3CHttpResponseCodec.createException(W3CHttpResponseCodec.java:200)
at org.openqa.selenium.remote.codec.w3c.W3CHttpResponseCodec.decode(W3CHttpResponseCodec.java:133)
at org.openqa.selenium.remote.codec.w3c.W3CHttpResponseCodec.decode(W3CHttpResponseCodec.java:53)
at org.openqa.selenium.remote.HttpCommandExecutor.execute(HttpCommandExecutor.java:184)
at org.openqa.selenium.remote.service.DriverCommandExecutor.invokeExecute(DriverCommandExecutor.java:167)
at org.openqa.selenium.remote.service.DriverCommandExecutor.execute(DriverCommandExecutor.java:142)
at org.openqa.selenium.remote.RemoteWebDriver.execute(RemoteWebDriver.java:547)
at org.openqa.selenium.remote.ElementLocation$ElementFinder$2.findElement(ElementLocation.java:162)
at org.openqa.selenium.remote.ElementLocation.findElement(ElementLocation.java:60)
at org.openqa.selenium.remote.RemoteWebDriver.findElement(RemoteWebDriver.java:365)
at org.openqa.selenium.remote.RemoteWebDriver.findElement(RemoteWebDriver.java:357)
at org.openqa.selenium.support.pagefactory.DefaultElementLocator.findElement(DefaultElementLocator.java:70)
at org.openqa.selenium.support.pagefactory.internal.LocatingElementHandler.invoke(LocatingElementHandler.java:39)
at jdk.proxy2/jdk.proxy2.$Proxy18.isDisplayed(Unknown Source)
at PanoReuseAbstratComponents.PanoReuseCode.isShwoingValue(PanoReuseCode.java:96)
at PanoPageObjects.PanoPolDetSubWidget.policyDetailsReqDetValidation(PanoPolDetSubWidget.java:283)
at PanoTestComponents.PanoPolicyDetailsTest.PolicySearch(PanoPolicyDetailsTest.java:48)
at java.base/java.util.ArrayList.forEach(ArrayList.java:1511)
... Removed 32 stack frames]]>
    </failure>
  </testcase> <!-- PolicySearch -->
  <testcase classname="PanoTestComponents.PanoPolicyDetailsTest" name="wholelifeSuspenseTab" time="0.0">
    <ignored/>
  </testcase> <!-- wholelifeSuspenseTab -->
  <testcase classname="PanoTestComponents.PanoPolicyDetailsTest" name="wholeLifeBaseValuesTab" time="0.0">
    <ignored/>
  </testcase> <!-- wholeLifeBaseValuesTab -->
  <testcase classname="PanoTestComponents.PanoPolicyDetailsTest" name="wholelifeFundsTab" time="0.0">
    <ignored/>
  </testcase> <!-- wholelifeFundsTab -->
  <testcase classname="PanoTestComponents.PanoPolicyDetailsTest" name="wholeLifeBaseBillingTab" time="0.0">
    <ignored/>
  </testcase> <!-- wholeLifeBaseBillingTab -->
  <testcase classname="PanoTestComponents.PanoPolicyDetailsTest" name="wholeLifePolicyNfoInfoTab" time="0.0">
    <ignored/>
  </testcase> <!-- wholeLifePolicyNfoInfoTab -->
  <testcase classname="PanoTestComponents.PanoPolicyDetailsTest" name="wholeLifePolicyNOtesTab" time="0.0">
    <ignored/>
  </testcase> <!-- wholeLifePolicyNOtesTab -->
  <testcase classname="PanoTestComponents.PanoPolicyDetailsTest" name="wholelifeLoansTab" time="0.0">
    <ignored/>
  </testcase> <!-- wholelifeLoansTab -->
  <testcase classname="PanoTestComponents.PanoPolicyDetailsTest" name="wholelifeRidersTab" time="0.0">
    <ignored/>
  </testcase> <!-- wholelifeRidersTab -->
</testsuite> <!-- Default test(failed) -->
