<?xml version="1.0" encoding="UTF-8"?>
<!-- Generated by org.testng.reporters.JUnitXMLReporter -->
<testsuite ignored="0" hostname="IN-PF2NA9MA" failures="1" tests="12" name="Test" time="188.323" errors="0" timestamp="2024-09-23T10:19:14 IST">
  <testcase classname="TestComponents.PolicyDetailsTestMethods" name="MyAssignedWorkValidation" time="23.265"/>
  <testcase classname="TestComponents.PolicyDetailsTestMethods" name="MyCallHistoryValidation" time="29.799"/>
  <testcase classname="TestComponents.PolicyDetailsTestMethods" name="SearchFunctionality" time="36.691"/>
  <testcase classname="TestComponents.PolicyDetailsTestMethods" name="PolicyContractDetails" time="86.519">
    <failure type="java.lang.AssertionError" message="The following asserts failed:
	expected [200] but found [500],
	Authorized button is not clicked expected [false] but found [true]">
      <![CDATA[java.lang.AssertionError: The following asserts failed:
expected [200] but found [500],
Authorized button is not clicked expected [false] but found [true]
at pageObjects.PolDetWidget.policyContractDetailsValidation(PolDetWidget.java:596)
at TestComponents.PolicyDetailsTestMethods.PolicyContractDetails(PolicyDetailsTestMethods.java:37)
at java.base/java.util.ArrayList.forEach(ArrayList.java:1541)
... Removed 33 stack frames]]>
    </failure>
  </testcase> <!-- PolicyContractDetails -->
  <testcase classname="TestComponents.PolicyDetailsTestMethods" name="PolicyDetailsTest" time="0.0">
    <skipped/>
  </testcase> <!-- PolicyDetailsTest -->
  <testcase classname="TestComponents.PolicyDetailsTestMethods" name="PolicyBillingTest" time="0.0">
    <skipped/>
  </testcase> <!-- PolicyBillingTest -->
  <testcase classname="TestComponents.PolicyDetailsTestMethods" name="PolicyValuesTabTest" time="0.0">
    <skipped/>
  </testcase> <!-- PolicyValuesTabTest -->
  <testcase classname="TestComponents.PolicyDetailsTestMethods" name="PolicyLoansTabTest" time="0.0">
    <skipped/>
  </testcase> <!-- PolicyLoansTabTest -->
  <testcase classname="TestComponents.PolicyDetailsTestMethods" name="PolicyRidersTab" time="0.0">
    <skipped/>
  </testcase> <!-- PolicyRidersTab -->
  <testcase classname="TestComponents.PolicyDetailsTestMethods" name="PolicyFundsTabTest" time="0.0">
    <skipped/>
  </testcase> <!-- PolicyFundsTabTest -->
  <testcase classname="TestComponents.PolicyDetailsTestMethods" name="PolicySuspenseTabTest" time="0.0">
    <skipped/>
  </testcase> <!-- PolicySuspenseTabTest -->
  <testcase classname="TestComponents.PolicyDetailsTestMethods" name="PolicyNOtesTabTest" time="0.0">
    <skipped/>
  </testcase> <!-- PolicyNOtesTabTest -->
</testsuite> <!-- Test -->
