<html>
<head>
<title>TestNG:  Test</title>
<link href="../testng.css" rel="stylesheet" type="text/css" />
<link href="../my-testng.css" rel="stylesheet" type="text/css" />

<style type="text/css">
.log { display: none;} 
.stack-trace { display: none;} 
</style>
<script type="text/javascript">
<!--
function flip(e) {
  current = e.style.display;
  if (current == 'block') {
    e.style.display = 'none';
    return 0;
  }
  else {
    e.style.display = 'block';
    return 1;
  }
}

function toggleBox(szDivId, elem, msg1, msg2)
{
  var res = -1;  if (document.getElementById) {
    res = flip(document.getElementById(szDivId));
  }
  else if (document.all) {
    // this is the way old msie versions work
    res = flip(document.all[szDivId]);
  }
  if(elem) {
    if(res == 0) elem.innerHTML = msg1; else elem.innerHTML = msg2;
  }

}

function toggleAllBoxes() {
  if (document.getElementsByTagName) {
    d = document.getElementsByTagName('div');
    for (i = 0; i < d.length; i++) {
      if (d[i].className == 'log') {
        flip(d[i]);
      }
    }
  }
}

// -->
</script>

</head>
<body>
<h2 align='center'>Test</h2><table border='1' align="center">
<tr>
<td>Tests passed/Failed/Skipped:</td><td>3/1/8</td>
</tr><tr>
<td>Started on:</td><td>Mon Sep 23 10:16:01 IST 2024</td>
</tr>
<tr><td>Total time:</td><td>188 seconds (188323 ms)</td>
</tr><tr>
<td>Included groups:</td><td></td>
</tr><tr>
<td>Excluded groups:</td><td></td>
</tr>
</table><p/>
<small><i>(Hover the method name to see the test class name)</i></small><p/>
<table width='100%' border='1' class='invocation-failed'>
<tr><td colspan='4' align='center'><b>FAILED TESTS</b></td></tr>
<tr><td><b>Test method</b></td>
<td><b>Attribute(s)</b></td>
<td width="30%"><b>Exception</b></td>
<td width="10%"><b>Time (seconds)</b></td>
<td><b>Instance</b></td>
</tr>
<tr>
<td title='TestComponents.PolicyDetailsTestMethods.PolicyContractDetails()'><b>PolicyContractDetails</b><br>Test class: TestComponents.PolicyDetailsTestMethods<br>Parameters: https://pilot.pano.csr-portal.us.insurance.dxc.com/#/, csruser1, Csrpoc1*, 209142964US, https://pilot.pano.csr-portal.us.insurance.dxc.com/contracts/pano-conv-pit/contracts/MUVUeDU1b3JMT082WGZtMU02ZitNSG5ReVA1RGxWcE5IUjk3YUVrbVR1RT0=, 200</td>
<td><div><pre>java.lang.AssertionError: The following asserts failed:
	expected [200] but found [500],
	Authorized button is not clicked expected [false] but found [true]
	at pageObjects.PolDetWidget.policyContractDetailsValidation(PolDetWidget.java:596)
	at TestComponents.PolicyDetailsTestMethods.PolicyContractDetails(PolicyDetailsTestMethods.java:37)
	at java.base/java.util.ArrayList.forEach(ArrayList.java:1541)
... Removed 33 stack frames</pre></div><a href='#' onClick='toggleBox("stack-trace535708280", this, "Click to show all stack frames", "Click to hide stack frames")'>Click to show all stack frames</a>
<div class='stack-trace' id='stack-trace535708280'><pre>java.lang.AssertionError: The following asserts failed:
	expected [200] but found [500],
	Authorized button is not clicked expected [false] but found [true]
	at org.testng.asserts.SoftAssert.assertAll(SoftAssert.java:46)
	at org.testng.asserts.SoftAssert.assertAll(SoftAssert.java:30)
	at pageObjects.PolDetWidget.policyContractDetailsValidation(PolDetWidget.java:596)
	at TestComponents.PolicyDetailsTestMethods.PolicyContractDetails(PolicyDetailsTestMethods.java:37)
	at java.base/jdk.internal.reflect.NativeMethodAccessorImpl.invoke0(Native Method)
	at java.base/jdk.internal.reflect.NativeMethodAccessorImpl.invoke(NativeMethodAccessorImpl.java:62)
	at java.base/jdk.internal.reflect.DelegatingMethodAccessorImpl.invoke(DelegatingMethodAccessorImpl.java:43)
	at java.base/java.lang.reflect.Method.invoke(Method.java:566)
	at org.testng.internal.invokers.MethodInvocationHelper.invokeMethod(MethodInvocationHelper.java:141)
	at org.testng.internal.invokers.TestInvoker.invokeMethod(TestInvoker.java:686)
	at org.testng.internal.invokers.TestInvoker.invokeTestMethod(TestInvoker.java:230)
	at org.testng.internal.invokers.MethodRunner.runInSequence(MethodRunner.java:63)
	at org.testng.internal.invokers.TestInvoker$MethodInvocationAgent.invoke(TestInvoker.java:992)
	at org.testng.internal.invokers.TestInvoker.invokeTestMethods(TestInvoker.java:203)
	at org.testng.internal.invokers.TestMethodWorker.invokeTestMethods(TestMethodWorker.java:154)
	at org.testng.internal.invokers.TestMethodWorker.run(TestMethodWorker.java:134)
	at java.base/java.util.ArrayList.forEach(ArrayList.java:1541)
	at org.testng.TestRunner.privateRun(TestRunner.java:739)
	at org.testng.TestRunner.run(TestRunner.java:614)
	at org.testng.SuiteRunner.runTest(SuiteRunner.java:421)
	at org.testng.SuiteRunner.runSequentially(SuiteRunner.java:413)
	at org.testng.SuiteRunner.privateRun(SuiteRunner.java:373)
	at org.testng.SuiteRunner.run(SuiteRunner.java:312)
	at org.testng.SuiteRunnerWorker.runSuite(SuiteRunnerWorker.java:52)
	at org.testng.SuiteRunnerWorker.run(SuiteRunnerWorker.java:95)
	at org.testng.TestNG.runSuitesSequentially(TestNG.java:1274)
	at org.testng.TestNG.runSuitesLocally(TestNG.java:1208)
	at org.testng.TestNG.runSuites(TestNG.java:1112)
	at org.testng.TestNG.run(TestNG.java:1079)
	at org.apache.maven.surefire.testng.TestNGExecutor.run(TestNGExecutor.java:284)
	at org.apache.maven.surefire.testng.TestNGXmlTestSuite.execute(TestNGXmlTestSuite.java:75)
	at org.apache.maven.surefire.testng.TestNGProvider.invoke(TestNGProvider.java:119)
	at org.apache.maven.surefire.booter.ForkedBooter.runSuitesInProcess(ForkedBooter.java:428)
	at org.apache.maven.surefire.booter.ForkedBooter.execute(ForkedBooter.java:162)
	at org.apache.maven.surefire.booter.ForkedBooter.run(ForkedBooter.java:562)
	at org.apache.maven.surefire.booter.ForkedBooter.main(ForkedBooter.java:548)
</pre></div></td>
<td>86</td>
<td>TestComponents.PolicyDetailsTestMethods@6436a7db</td></tr>
</table><p>
<table width='100%' border='1' class='invocation-passed'>
<tr><td colspan='4' align='center'><b>PASSED TESTS</b></td></tr>
<tr><td><b>Test method</b></td>
<td><b>Attribute(s)</b></td>
<td width="30%"><b>Exception</b></td>
<td width="10%"><b>Time (seconds)</b></td>
<td><b>Instance</b></td>
</tr>
<tr>
<td title='TestComponents.PolicyDetailsTestMethods.MyCallHistoryValidation()'><b>MyCallHistoryValidation</b><br>Test class: TestComponents.PolicyDetailsTestMethods<br>Parameters: https://pilot.pano.csr-portal.us.insurance.dxc.com/#/, csruser1, Csrpoc1*, https://pilot.pano.csr-portal.us.insurance.dxc.com/contacts-call/bpocs/contacts?user_id=7173375, 200</td>
<td></td>
<td>29</td>
<td>TestComponents.PolicyDetailsTestMethods@6436a7db</td></tr>
<tr>
<td title='TestComponents.PolicyDetailsTestMethods.SearchFunctionality()'><b>SearchFunctionality</b><br>Test class: TestComponents.PolicyDetailsTestMethods<br>Parameters: https://pilot.pano.csr-portal.us.insurance.dxc.com/#/, csruser1, Csrpoc1*, 209142964US, https://pilot.pano.csr-portal.us.insurance.dxc.com/contacts-call/bpowex/searchContracts?query=209142964US, 200</td>
<td></td>
<td>36</td>
<td>TestComponents.PolicyDetailsTestMethods@6436a7db</td></tr>
<tr>
<td title='TestComponents.PolicyDetailsTestMethods.MyAssignedWorkValidation()'><b>MyAssignedWorkValidation</b><br>Test class: TestComponents.PolicyDetailsTestMethods<br>Parameters: https://pilot.pano.csr-portal.us.insurance.dxc.com/#/, csruser1, Csrpoc1*, https://pilot.pano.csr-portal.us.insurance.dxc.com/casemanagement/user/instances</td>
<td></td>
<td>23</td>
<td>TestComponents.PolicyDetailsTestMethods@6436a7db</td></tr>
</table><p>
<table width='100%' border='1' class='invocation-skipped'>
<tr><td colspan='4' align='center'><b>SKIPPED TESTS</b></td></tr>
<tr><td><b>Test method</b></td>
<td><b>Attribute(s)</b></td>
<td width="30%"><b>Exception</b></td>
<td width="10%"><b>Time (seconds)</b></td>
<td><b>Instance</b></td>
</tr>
<tr>
<td title='TestComponents.PolicyDetailsTestMethods.PolicyBillingTest()'><b>PolicyBillingTest</b><br>Test class: TestComponents.PolicyDetailsTestMethods</td>
<td><div><pre>java.lang.Throwable: Method TestComponents.PolicyDetailsTestMethods.PolicyBillingTest() on instance TestComponents.PolicyDetailsTestMethods@6436a7db depends on not successfully finished methods 
[TestComponents.PolicyDetailsTestMethods.PolicyContractDetails() on instance TestComponents.PolicyDetailsTestMethods@6436a7db]
	at java.base/java.util.ArrayList.forEach(ArrayList.java:1541)
... Removed 22 stack frames</pre></div><a href='#' onClick='toggleBox("stack-trace1446081235", this, "Click to show all stack frames", "Click to hide stack frames")'>Click to show all stack frames</a>
<div class='stack-trace' id='stack-trace1446081235'><pre>java.lang.Throwable: Method TestComponents.PolicyDetailsTestMethods.PolicyBillingTest() on instance TestComponents.PolicyDetailsTestMethods@6436a7db depends on not successfully finished methods 
[TestComponents.PolicyDetailsTestMethods.PolicyContractDetails() on instance TestComponents.PolicyDetailsTestMethods@6436a7db]
	at org.testng.internal.invokers.TestInvoker.invokeTestMethods(TestInvoker.java:159)
	at org.testng.internal.invokers.TestMethodWorker.invokeTestMethods(TestMethodWorker.java:154)
	at org.testng.internal.invokers.TestMethodWorker.run(TestMethodWorker.java:134)
	at java.base/java.util.ArrayList.forEach(ArrayList.java:1541)
	at org.testng.TestRunner.privateRun(TestRunner.java:739)
	at org.testng.TestRunner.run(TestRunner.java:614)
	at org.testng.SuiteRunner.runTest(SuiteRunner.java:421)
	at org.testng.SuiteRunner.runSequentially(SuiteRunner.java:413)
	at org.testng.SuiteRunner.privateRun(SuiteRunner.java:373)
	at org.testng.SuiteRunner.run(SuiteRunner.java:312)
	at org.testng.SuiteRunnerWorker.runSuite(SuiteRunnerWorker.java:52)
	at org.testng.SuiteRunnerWorker.run(SuiteRunnerWorker.java:95)
	at org.testng.TestNG.runSuitesSequentially(TestNG.java:1274)
	at org.testng.TestNG.runSuitesLocally(TestNG.java:1208)
	at org.testng.TestNG.runSuites(TestNG.java:1112)
	at org.testng.TestNG.run(TestNG.java:1079)
	at org.apache.maven.surefire.testng.TestNGExecutor.run(TestNGExecutor.java:284)
	at org.apache.maven.surefire.testng.TestNGXmlTestSuite.execute(TestNGXmlTestSuite.java:75)
	at org.apache.maven.surefire.testng.TestNGProvider.invoke(TestNGProvider.java:119)
	at org.apache.maven.surefire.booter.ForkedBooter.runSuitesInProcess(ForkedBooter.java:428)
	at org.apache.maven.surefire.booter.ForkedBooter.execute(ForkedBooter.java:162)
	at org.apache.maven.surefire.booter.ForkedBooter.run(ForkedBooter.java:562)
	at org.apache.maven.surefire.booter.ForkedBooter.main(ForkedBooter.java:548)
</pre></div></td>
<td>0</td>
<td>TestComponents.PolicyDetailsTestMethods@6436a7db</td></tr>
<tr>
<td title='TestComponents.PolicyDetailsTestMethods.PolicyNOtesTabTest()'><b>PolicyNOtesTabTest</b><br>Test class: TestComponents.PolicyDetailsTestMethods</td>
<td><div><pre>java.lang.Throwable: Method TestComponents.PolicyDetailsTestMethods.PolicyNOtesTabTest() on instance TestComponents.PolicyDetailsTestMethods@6436a7db depends on not successfully finished methods 
[TestComponents.PolicyDetailsTestMethods.PolicyContractDetails() on instance TestComponents.PolicyDetailsTestMethods@6436a7db]
	at java.base/java.util.ArrayList.forEach(ArrayList.java:1541)
... Removed 22 stack frames</pre></div><a href='#' onClick='toggleBox("stack-trace228806320", this, "Click to show all stack frames", "Click to hide stack frames")'>Click to show all stack frames</a>
<div class='stack-trace' id='stack-trace228806320'><pre>java.lang.Throwable: Method TestComponents.PolicyDetailsTestMethods.PolicyNOtesTabTest() on instance TestComponents.PolicyDetailsTestMethods@6436a7db depends on not successfully finished methods 
[TestComponents.PolicyDetailsTestMethods.PolicyContractDetails() on instance TestComponents.PolicyDetailsTestMethods@6436a7db]
	at org.testng.internal.invokers.TestInvoker.invokeTestMethods(TestInvoker.java:159)
	at org.testng.internal.invokers.TestMethodWorker.invokeTestMethods(TestMethodWorker.java:154)
	at org.testng.internal.invokers.TestMethodWorker.run(TestMethodWorker.java:134)
	at java.base/java.util.ArrayList.forEach(ArrayList.java:1541)
	at org.testng.TestRunner.privateRun(TestRunner.java:739)
	at org.testng.TestRunner.run(TestRunner.java:614)
	at org.testng.SuiteRunner.runTest(SuiteRunner.java:421)
	at org.testng.SuiteRunner.runSequentially(SuiteRunner.java:413)
	at org.testng.SuiteRunner.privateRun(SuiteRunner.java:373)
	at org.testng.SuiteRunner.run(SuiteRunner.java:312)
	at org.testng.SuiteRunnerWorker.runSuite(SuiteRunnerWorker.java:52)
	at org.testng.SuiteRunnerWorker.run(SuiteRunnerWorker.java:95)
	at org.testng.TestNG.runSuitesSequentially(TestNG.java:1274)
	at org.testng.TestNG.runSuitesLocally(TestNG.java:1208)
	at org.testng.TestNG.runSuites(TestNG.java:1112)
	at org.testng.TestNG.run(TestNG.java:1079)
	at org.apache.maven.surefire.testng.TestNGExecutor.run(TestNGExecutor.java:284)
	at org.apache.maven.surefire.testng.TestNGXmlTestSuite.execute(TestNGXmlTestSuite.java:75)
	at org.apache.maven.surefire.testng.TestNGProvider.invoke(TestNGProvider.java:119)
	at org.apache.maven.surefire.booter.ForkedBooter.runSuitesInProcess(ForkedBooter.java:428)
	at org.apache.maven.surefire.booter.ForkedBooter.execute(ForkedBooter.java:162)
	at org.apache.maven.surefire.booter.ForkedBooter.run(ForkedBooter.java:562)
	at org.apache.maven.surefire.booter.ForkedBooter.main(ForkedBooter.java:548)
</pre></div></td>
<td>0</td>
<td>TestComponents.PolicyDetailsTestMethods@6436a7db</td></tr>
<tr>
<td title='TestComponents.PolicyDetailsTestMethods.PolicyLoansTabTest()'><b>PolicyLoansTabTest</b><br>Test class: TestComponents.PolicyDetailsTestMethods</td>
<td><div><pre>java.lang.Throwable: Method TestComponents.PolicyDetailsTestMethods.PolicyLoansTabTest() on instance TestComponents.PolicyDetailsTestMethods@6436a7db depends on not successfully finished methods 
[TestComponents.PolicyDetailsTestMethods.PolicyContractDetails() on instance TestComponents.PolicyDetailsTestMethods@6436a7db]
	at java.base/java.util.ArrayList.forEach(ArrayList.java:1541)
... Removed 22 stack frames</pre></div><a href='#' onClick='toggleBox("stack-trace537033796", this, "Click to show all stack frames", "Click to hide stack frames")'>Click to show all stack frames</a>
<div class='stack-trace' id='stack-trace537033796'><pre>java.lang.Throwable: Method TestComponents.PolicyDetailsTestMethods.PolicyLoansTabTest() on instance TestComponents.PolicyDetailsTestMethods@6436a7db depends on not successfully finished methods 
[TestComponents.PolicyDetailsTestMethods.PolicyContractDetails() on instance TestComponents.PolicyDetailsTestMethods@6436a7db]
	at org.testng.internal.invokers.TestInvoker.invokeTestMethods(TestInvoker.java:159)
	at org.testng.internal.invokers.TestMethodWorker.invokeTestMethods(TestMethodWorker.java:154)
	at org.testng.internal.invokers.TestMethodWorker.run(TestMethodWorker.java:134)
	at java.base/java.util.ArrayList.forEach(ArrayList.java:1541)
	at org.testng.TestRunner.privateRun(TestRunner.java:739)
	at org.testng.TestRunner.run(TestRunner.java:614)
	at org.testng.SuiteRunner.runTest(SuiteRunner.java:421)
	at org.testng.SuiteRunner.runSequentially(SuiteRunner.java:413)
	at org.testng.SuiteRunner.privateRun(SuiteRunner.java:373)
	at org.testng.SuiteRunner.run(SuiteRunner.java:312)
	at org.testng.SuiteRunnerWorker.runSuite(SuiteRunnerWorker.java:52)
	at org.testng.SuiteRunnerWorker.run(SuiteRunnerWorker.java:95)
	at org.testng.TestNG.runSuitesSequentially(TestNG.java:1274)
	at org.testng.TestNG.runSuitesLocally(TestNG.java:1208)
	at org.testng.TestNG.runSuites(TestNG.java:1112)
	at org.testng.TestNG.run(TestNG.java:1079)
	at org.apache.maven.surefire.testng.TestNGExecutor.run(TestNGExecutor.java:284)
	at org.apache.maven.surefire.testng.TestNGXmlTestSuite.execute(TestNGXmlTestSuite.java:75)
	at org.apache.maven.surefire.testng.TestNGProvider.invoke(TestNGProvider.java:119)
	at org.apache.maven.surefire.booter.ForkedBooter.runSuitesInProcess(ForkedBooter.java:428)
	at org.apache.maven.surefire.booter.ForkedBooter.execute(ForkedBooter.java:162)
	at org.apache.maven.surefire.booter.ForkedBooter.run(ForkedBooter.java:562)
	at org.apache.maven.surefire.booter.ForkedBooter.main(ForkedBooter.java:548)
</pre></div></td>
<td>0</td>
<td>TestComponents.PolicyDetailsTestMethods@6436a7db</td></tr>
<tr>
<td title='TestComponents.PolicyDetailsTestMethods.PolicySuspenseTabTest()'><b>PolicySuspenseTabTest</b><br>Test class: TestComponents.PolicyDetailsTestMethods</td>
<td><div><pre>java.lang.Throwable: Method TestComponents.PolicyDetailsTestMethods.PolicySuspenseTabTest() on instance TestComponents.PolicyDetailsTestMethods@6436a7db depends on not successfully finished methods 
[TestComponents.PolicyDetailsTestMethods.PolicyContractDetails() on instance TestComponents.PolicyDetailsTestMethods@6436a7db]
	at java.base/java.util.ArrayList.forEach(ArrayList.java:1541)
... Removed 22 stack frames</pre></div><a href='#' onClick='toggleBox("stack-trace1055974774", this, "Click to show all stack frames", "Click to hide stack frames")'>Click to show all stack frames</a>
<div class='stack-trace' id='stack-trace1055974774'><pre>java.lang.Throwable: Method TestComponents.PolicyDetailsTestMethods.PolicySuspenseTabTest() on instance TestComponents.PolicyDetailsTestMethods@6436a7db depends on not successfully finished methods 
[TestComponents.PolicyDetailsTestMethods.PolicyContractDetails() on instance TestComponents.PolicyDetailsTestMethods@6436a7db]
	at org.testng.internal.invokers.TestInvoker.invokeTestMethods(TestInvoker.java:159)
	at org.testng.internal.invokers.TestMethodWorker.invokeTestMethods(TestMethodWorker.java:154)
	at org.testng.internal.invokers.TestMethodWorker.run(TestMethodWorker.java:134)
	at java.base/java.util.ArrayList.forEach(ArrayList.java:1541)
	at org.testng.TestRunner.privateRun(TestRunner.java:739)
	at org.testng.TestRunner.run(TestRunner.java:614)
	at org.testng.SuiteRunner.runTest(SuiteRunner.java:421)
	at org.testng.SuiteRunner.runSequentially(SuiteRunner.java:413)
	at org.testng.SuiteRunner.privateRun(SuiteRunner.java:373)
	at org.testng.SuiteRunner.run(SuiteRunner.java:312)
	at org.testng.SuiteRunnerWorker.runSuite(SuiteRunnerWorker.java:52)
	at org.testng.SuiteRunnerWorker.run(SuiteRunnerWorker.java:95)
	at org.testng.TestNG.runSuitesSequentially(TestNG.java:1274)
	at org.testng.TestNG.runSuitesLocally(TestNG.java:1208)
	at org.testng.TestNG.runSuites(TestNG.java:1112)
	at org.testng.TestNG.run(TestNG.java:1079)
	at org.apache.maven.surefire.testng.TestNGExecutor.run(TestNGExecutor.java:284)
	at org.apache.maven.surefire.testng.TestNGXmlTestSuite.execute(TestNGXmlTestSuite.java:75)
	at org.apache.maven.surefire.testng.TestNGProvider.invoke(TestNGProvider.java:119)
	at org.apache.maven.surefire.booter.ForkedBooter.runSuitesInProcess(ForkedBooter.java:428)
	at org.apache.maven.surefire.booter.ForkedBooter.execute(ForkedBooter.java:162)
	at org.apache.maven.surefire.booter.ForkedBooter.run(ForkedBooter.java:562)
	at org.apache.maven.surefire.booter.ForkedBooter.main(ForkedBooter.java:548)
</pre></div></td>
<td>0</td>
<td>TestComponents.PolicyDetailsTestMethods@6436a7db</td></tr>
<tr>
<td title='TestComponents.PolicyDetailsTestMethods.PolicyFundsTabTest()'><b>PolicyFundsTabTest</b><br>Test class: TestComponents.PolicyDetailsTestMethods</td>
<td><div><pre>java.lang.Throwable: Method TestComponents.PolicyDetailsTestMethods.PolicyFundsTabTest() on instance TestComponents.PolicyDetailsTestMethods@6436a7db depends on not successfully finished methods 
[TestComponents.PolicyDetailsTestMethods.PolicyContractDetails() on instance TestComponents.PolicyDetailsTestMethods@6436a7db]
	at java.base/java.util.ArrayList.forEach(ArrayList.java:1541)
... Removed 22 stack frames</pre></div><a href='#' onClick='toggleBox("stack-trace1568990051", this, "Click to show all stack frames", "Click to hide stack frames")'>Click to show all stack frames</a>
<div class='stack-trace' id='stack-trace1568990051'><pre>java.lang.Throwable: Method TestComponents.PolicyDetailsTestMethods.PolicyFundsTabTest() on instance TestComponents.PolicyDetailsTestMethods@6436a7db depends on not successfully finished methods 
[TestComponents.PolicyDetailsTestMethods.PolicyContractDetails() on instance TestComponents.PolicyDetailsTestMethods@6436a7db]
	at org.testng.internal.invokers.TestInvoker.invokeTestMethods(TestInvoker.java:159)
	at org.testng.internal.invokers.TestMethodWorker.invokeTestMethods(TestMethodWorker.java:154)
	at org.testng.internal.invokers.TestMethodWorker.run(TestMethodWorker.java:134)
	at java.base/java.util.ArrayList.forEach(ArrayList.java:1541)
	at org.testng.TestRunner.privateRun(TestRunner.java:739)
	at org.testng.TestRunner.run(TestRunner.java:614)
	at org.testng.SuiteRunner.runTest(SuiteRunner.java:421)
	at org.testng.SuiteRunner.runSequentially(SuiteRunner.java:413)
	at org.testng.SuiteRunner.privateRun(SuiteRunner.java:373)
	at org.testng.SuiteRunner.run(SuiteRunner.java:312)
	at org.testng.SuiteRunnerWorker.runSuite(SuiteRunnerWorker.java:52)
	at org.testng.SuiteRunnerWorker.run(SuiteRunnerWorker.java:95)
	at org.testng.TestNG.runSuitesSequentially(TestNG.java:1274)
	at org.testng.TestNG.runSuitesLocally(TestNG.java:1208)
	at org.testng.TestNG.runSuites(TestNG.java:1112)
	at org.testng.TestNG.run(TestNG.java:1079)
	at org.apache.maven.surefire.testng.TestNGExecutor.run(TestNGExecutor.java:284)
	at org.apache.maven.surefire.testng.TestNGXmlTestSuite.execute(TestNGXmlTestSuite.java:75)
	at org.apache.maven.surefire.testng.TestNGProvider.invoke(TestNGProvider.java:119)
	at org.apache.maven.surefire.booter.ForkedBooter.runSuitesInProcess(ForkedBooter.java:428)
	at org.apache.maven.surefire.booter.ForkedBooter.execute(ForkedBooter.java:162)
	at org.apache.maven.surefire.booter.ForkedBooter.run(ForkedBooter.java:562)
	at org.apache.maven.surefire.booter.ForkedBooter.main(ForkedBooter.java:548)
</pre></div></td>
<td>0</td>
<td>TestComponents.PolicyDetailsTestMethods@6436a7db</td></tr>
<tr>
<td title='TestComponents.PolicyDetailsTestMethods.PolicyValuesTabTest()'><b>PolicyValuesTabTest</b><br>Test class: TestComponents.PolicyDetailsTestMethods</td>
<td><div><pre>java.lang.Throwable: Method TestComponents.PolicyDetailsTestMethods.PolicyValuesTabTest() on instance TestComponents.PolicyDetailsTestMethods@6436a7db depends on not successfully finished methods 
[TestComponents.PolicyDetailsTestMethods.PolicyContractDetails() on instance TestComponents.PolicyDetailsTestMethods@6436a7db]
	at java.base/java.util.ArrayList.forEach(ArrayList.java:1541)
... Removed 22 stack frames</pre></div><a href='#' onClick='toggleBox("stack-trace1350984255", this, "Click to show all stack frames", "Click to hide stack frames")'>Click to show all stack frames</a>
<div class='stack-trace' id='stack-trace1350984255'><pre>java.lang.Throwable: Method TestComponents.PolicyDetailsTestMethods.PolicyValuesTabTest() on instance TestComponents.PolicyDetailsTestMethods@6436a7db depends on not successfully finished methods 
[TestComponents.PolicyDetailsTestMethods.PolicyContractDetails() on instance TestComponents.PolicyDetailsTestMethods@6436a7db]
	at org.testng.internal.invokers.TestInvoker.invokeTestMethods(TestInvoker.java:159)
	at org.testng.internal.invokers.TestMethodWorker.invokeTestMethods(TestMethodWorker.java:154)
	at org.testng.internal.invokers.TestMethodWorker.run(TestMethodWorker.java:134)
	at java.base/java.util.ArrayList.forEach(ArrayList.java:1541)
	at org.testng.TestRunner.privateRun(TestRunner.java:739)
	at org.testng.TestRunner.run(TestRunner.java:614)
	at org.testng.SuiteRunner.runTest(SuiteRunner.java:421)
	at org.testng.SuiteRunner.runSequentially(SuiteRunner.java:413)
	at org.testng.SuiteRunner.privateRun(SuiteRunner.java:373)
	at org.testng.SuiteRunner.run(SuiteRunner.java:312)
	at org.testng.SuiteRunnerWorker.runSuite(SuiteRunnerWorker.java:52)
	at org.testng.SuiteRunnerWorker.run(SuiteRunnerWorker.java:95)
	at org.testng.TestNG.runSuitesSequentially(TestNG.java:1274)
	at org.testng.TestNG.runSuitesLocally(TestNG.java:1208)
	at org.testng.TestNG.runSuites(TestNG.java:1112)
	at org.testng.TestNG.run(TestNG.java:1079)
	at org.apache.maven.surefire.testng.TestNGExecutor.run(TestNGExecutor.java:284)
	at org.apache.maven.surefire.testng.TestNGXmlTestSuite.execute(TestNGXmlTestSuite.java:75)
	at org.apache.maven.surefire.testng.TestNGProvider.invoke(TestNGProvider.java:119)
	at org.apache.maven.surefire.booter.ForkedBooter.runSuitesInProcess(ForkedBooter.java:428)
	at org.apache.maven.surefire.booter.ForkedBooter.execute(ForkedBooter.java:162)
	at org.apache.maven.surefire.booter.ForkedBooter.run(ForkedBooter.java:562)
	at org.apache.maven.surefire.booter.ForkedBooter.main(ForkedBooter.java:548)
</pre></div></td>
<td>0</td>
<td>TestComponents.PolicyDetailsTestMethods@6436a7db</td></tr>
<tr>
<td title='TestComponents.PolicyDetailsTestMethods.PolicyDetailsTest()'><b>PolicyDetailsTest</b><br>Test class: TestComponents.PolicyDetailsTestMethods</td>
<td><div><pre>java.lang.Throwable: Method TestComponents.PolicyDetailsTestMethods.PolicyDetailsTest() on instance TestComponents.PolicyDetailsTestMethods@6436a7db depends on not successfully finished methods 
[TestComponents.PolicyDetailsTestMethods.PolicyContractDetails() on instance TestComponents.PolicyDetailsTestMethods@6436a7db]
	at java.base/java.util.ArrayList.forEach(ArrayList.java:1541)
... Removed 22 stack frames</pre></div><a href='#' onClick='toggleBox("stack-trace1907370139", this, "Click to show all stack frames", "Click to hide stack frames")'>Click to show all stack frames</a>
<div class='stack-trace' id='stack-trace1907370139'><pre>java.lang.Throwable: Method TestComponents.PolicyDetailsTestMethods.PolicyDetailsTest() on instance TestComponents.PolicyDetailsTestMethods@6436a7db depends on not successfully finished methods 
[TestComponents.PolicyDetailsTestMethods.PolicyContractDetails() on instance TestComponents.PolicyDetailsTestMethods@6436a7db]
	at org.testng.internal.invokers.TestInvoker.invokeTestMethods(TestInvoker.java:159)
	at org.testng.internal.invokers.TestMethodWorker.invokeTestMethods(TestMethodWorker.java:154)
	at org.testng.internal.invokers.TestMethodWorker.run(TestMethodWorker.java:134)
	at java.base/java.util.ArrayList.forEach(ArrayList.java:1541)
	at org.testng.TestRunner.privateRun(TestRunner.java:739)
	at org.testng.TestRunner.run(TestRunner.java:614)
	at org.testng.SuiteRunner.runTest(SuiteRunner.java:421)
	at org.testng.SuiteRunner.runSequentially(SuiteRunner.java:413)
	at org.testng.SuiteRunner.privateRun(SuiteRunner.java:373)
	at org.testng.SuiteRunner.run(SuiteRunner.java:312)
	at org.testng.SuiteRunnerWorker.runSuite(SuiteRunnerWorker.java:52)
	at org.testng.SuiteRunnerWorker.run(SuiteRunnerWorker.java:95)
	at org.testng.TestNG.runSuitesSequentially(TestNG.java:1274)
	at org.testng.TestNG.runSuitesLocally(TestNG.java:1208)
	at org.testng.TestNG.runSuites(TestNG.java:1112)
	at org.testng.TestNG.run(TestNG.java:1079)
	at org.apache.maven.surefire.testng.TestNGExecutor.run(TestNGExecutor.java:284)
	at org.apache.maven.surefire.testng.TestNGXmlTestSuite.execute(TestNGXmlTestSuite.java:75)
	at org.apache.maven.surefire.testng.TestNGProvider.invoke(TestNGProvider.java:119)
	at org.apache.maven.surefire.booter.ForkedBooter.runSuitesInProcess(ForkedBooter.java:428)
	at org.apache.maven.surefire.booter.ForkedBooter.execute(ForkedBooter.java:162)
	at org.apache.maven.surefire.booter.ForkedBooter.run(ForkedBooter.java:562)
	at org.apache.maven.surefire.booter.ForkedBooter.main(ForkedBooter.java:548)
</pre></div></td>
<td>0</td>
<td>TestComponents.PolicyDetailsTestMethods@6436a7db</td></tr>
<tr>
<td title='TestComponents.PolicyDetailsTestMethods.PolicyRidersTab()'><b>PolicyRidersTab</b><br>Test class: TestComponents.PolicyDetailsTestMethods</td>
<td><div><pre>java.lang.Throwable: Method TestComponents.PolicyDetailsTestMethods.PolicyRidersTab() on instance TestComponents.PolicyDetailsTestMethods@6436a7db depends on not successfully finished methods 
[TestComponents.PolicyDetailsTestMethods.PolicyContractDetails() on instance TestComponents.PolicyDetailsTestMethods@6436a7db]
	at java.base/java.util.ArrayList.forEach(ArrayList.java:1541)
... Removed 22 stack frames</pre></div><a href='#' onClick='toggleBox("stack-trace8302165", this, "Click to show all stack frames", "Click to hide stack frames")'>Click to show all stack frames</a>
<div class='stack-trace' id='stack-trace8302165'><pre>java.lang.Throwable: Method TestComponents.PolicyDetailsTestMethods.PolicyRidersTab() on instance TestComponents.PolicyDetailsTestMethods@6436a7db depends on not successfully finished methods 
[TestComponents.PolicyDetailsTestMethods.PolicyContractDetails() on instance TestComponents.PolicyDetailsTestMethods@6436a7db]
	at org.testng.internal.invokers.TestInvoker.invokeTestMethods(TestInvoker.java:159)
	at org.testng.internal.invokers.TestMethodWorker.invokeTestMethods(TestMethodWorker.java:154)
	at org.testng.internal.invokers.TestMethodWorker.run(TestMethodWorker.java:134)
	at java.base/java.util.ArrayList.forEach(ArrayList.java:1541)
	at org.testng.TestRunner.privateRun(TestRunner.java:739)
	at org.testng.TestRunner.run(TestRunner.java:614)
	at org.testng.SuiteRunner.runTest(SuiteRunner.java:421)
	at org.testng.SuiteRunner.runSequentially(SuiteRunner.java:413)
	at org.testng.SuiteRunner.privateRun(SuiteRunner.java:373)
	at org.testng.SuiteRunner.run(SuiteRunner.java:312)
	at org.testng.SuiteRunnerWorker.runSuite(SuiteRunnerWorker.java:52)
	at org.testng.SuiteRunnerWorker.run(SuiteRunnerWorker.java:95)
	at org.testng.TestNG.runSuitesSequentially(TestNG.java:1274)
	at org.testng.TestNG.runSuitesLocally(TestNG.java:1208)
	at org.testng.TestNG.runSuites(TestNG.java:1112)
	at org.testng.TestNG.run(TestNG.java:1079)
	at org.apache.maven.surefire.testng.TestNGExecutor.run(TestNGExecutor.java:284)
	at org.apache.maven.surefire.testng.TestNGXmlTestSuite.execute(TestNGXmlTestSuite.java:75)
	at org.apache.maven.surefire.testng.TestNGProvider.invoke(TestNGProvider.java:119)
	at org.apache.maven.surefire.booter.ForkedBooter.runSuitesInProcess(ForkedBooter.java:428)
	at org.apache.maven.surefire.booter.ForkedBooter.execute(ForkedBooter.java:162)
	at org.apache.maven.surefire.booter.ForkedBooter.run(ForkedBooter.java:562)
	at org.apache.maven.surefire.booter.ForkedBooter.main(ForkedBooter.java:548)
</pre></div></td>
<td>0</td>
<td>TestComponents.PolicyDetailsTestMethods@6436a7db</td></tr>
</table><p>
</body>
</html>