<?xml version="1.0" encoding="UTF-8"?>
<!-- Generated by org.testng.reporters.JUnitReportReporter -->
<testsuite hostname="IN-PF2NA9MA" failures="1" tests="12" name="TestComponents.PolicyDetailsTestMethods" time="186.417" errors="0" timestamp="2024-09-23T10:19:14 IST" skipped="8">
  <testcase classname="TestComponents.PolicyDetailsTestMethods" name="MyAssignedWorkValidation" time="25.115"/>
  <testcase classname="TestComponents.PolicyDetailsTestMethods" name="MyCallHistoryValidation" time="31.507"/>
  <testcase classname="TestComponents.PolicyDetailsTestMethods" name="SearchFunctionality" time="41.551"/>
  <testcase classname="TestComponents.PolicyDetailsTestMethods" name="PolicyContractDetails" time="88.244">
    <failure message="The following asserts failed:
	expected [200] but found [500],
	Authorized button is not clicked expected [false] but found [true]" type="java.lang.AssertionError">
      <![CDATA[java.lang.AssertionError: The following asserts failed:
expected [200] but found [500],
Authorized button is not clicked expected [false] but found [true]
at org.testng.asserts.SoftAssert.assertAll(SoftAssert.java:46)
at org.testng.asserts.SoftAssert.assertAll(SoftAssert.java:30)
at pageObjects.PolDetWidget.policyContractDetailsValidation(PolDetWidget.java:596)
at TestComponents.PolicyDetailsTestMethods.PolicyContractDetails(PolicyDetailsTestMethods.java:37)
at java.base/jdk.internal.reflect.NativeMethodAccessorImpl.invoke0(Native Method)
at java.base/jdk.internal.reflect.NativeMethodAccessorImpl.invoke(NativeMethodAccessorImpl.java:62)
at java.base/jdk.internal.reflect.DelegatingMethodAccessorImpl.invoke(DelegatingMethodAccessorImpl.java:43)
at java.base/java.lang.reflect.Method.invoke(Method.java:566)
at org.testng.internal.invokers.MethodInvocationHelper.invokeMethod(MethodInvocationHelper.java:141)
at org.testng.internal.invokers.TestInvoker.invokeMethod(TestInvoker.java:686)
at org.testng.internal.invokers.TestInvoker.invokeTestMethod(TestInvoker.java:230)
at org.testng.internal.invokers.MethodRunner.runInSequence(MethodRunner.java:63)
at org.testng.internal.invokers.TestInvoker$MethodInvocationAgent.invoke(TestInvoker.java:992)
at org.testng.internal.invokers.TestInvoker.invokeTestMethods(TestInvoker.java:203)
at org.testng.internal.invokers.TestMethodWorker.invokeTestMethods(TestMethodWorker.java:154)
at org.testng.internal.invokers.TestMethodWorker.run(TestMethodWorker.java:134)
at java.base/java.util.ArrayList.forEach(ArrayList.java:1541)
at org.testng.TestRunner.privateRun(TestRunner.java:739)
at org.testng.TestRunner.run(TestRunner.java:614)
at org.testng.SuiteRunner.runTest(SuiteRunner.java:421)
at org.testng.SuiteRunner.runSequentially(SuiteRunner.java:413)
at org.testng.SuiteRunner.privateRun(SuiteRunner.java:373)
at org.testng.SuiteRunner.run(SuiteRunner.java:312)
at org.testng.SuiteRunnerWorker.runSuite(SuiteRunnerWorker.java:52)
at org.testng.SuiteRunnerWorker.run(SuiteRunnerWorker.java:95)
at org.testng.TestNG.runSuitesSequentially(TestNG.java:1274)
at org.testng.TestNG.runSuitesLocally(TestNG.java:1208)
at org.testng.TestNG.runSuites(TestNG.java:1112)
at org.testng.TestNG.run(TestNG.java:1079)
at org.apache.maven.surefire.testng.TestNGExecutor.run(TestNGExecutor.java:284)
at org.apache.maven.surefire.testng.TestNGXmlTestSuite.execute(TestNGXmlTestSuite.java:75)
at org.apache.maven.surefire.testng.TestNGProvider.invoke(TestNGProvider.java:119)
at org.apache.maven.surefire.booter.ForkedBooter.runSuitesInProcess(ForkedBooter.java:428)
at org.apache.maven.surefire.booter.ForkedBooter.execute(ForkedBooter.java:162)
at org.apache.maven.surefire.booter.ForkedBooter.run(ForkedBooter.java:562)
at org.apache.maven.surefire.booter.ForkedBooter.main(ForkedBooter.java:548)
]]>
    </failure>
  </testcase> <!-- PolicyContractDetails -->
  <testcase classname="TestComponents.PolicyDetailsTestMethods" name="PolicyDetailsTest" time="0.000">
    <skipped/>
  </testcase> <!-- PolicyDetailsTest -->
  <testcase classname="TestComponents.PolicyDetailsTestMethods" name="PolicyBillingTest" time="0.000">
    <skipped/>
  </testcase> <!-- PolicyBillingTest -->
  <testcase classname="TestComponents.PolicyDetailsTestMethods" name="PolicyValuesTabTest" time="0.000">
    <skipped/>
  </testcase> <!-- PolicyValuesTabTest -->
  <testcase classname="TestComponents.PolicyDetailsTestMethods" name="PolicyLoansTabTest" time="0.000">
    <skipped/>
  </testcase> <!-- PolicyLoansTabTest -->
  <testcase classname="TestComponents.PolicyDetailsTestMethods" name="PolicyRidersTab" time="0.000">
    <skipped/>
  </testcase> <!-- PolicyRidersTab -->
  <testcase classname="TestComponents.PolicyDetailsTestMethods" name="PolicyFundsTabTest" time="0.000">
    <skipped/>
  </testcase> <!-- PolicyFundsTabTest -->
  <testcase classname="TestComponents.PolicyDetailsTestMethods" name="PolicySuspenseTabTest" time="0.000">
    <skipped/>
  </testcase> <!-- PolicySuspenseTabTest -->
  <testcase classname="TestComponents.PolicyDetailsTestMethods" name="PolicyNOtesTabTest" time="0.000">
    <skipped/>
  </testcase> <!-- PolicyNOtesTabTest -->
</testsuite> <!-- TestComponents.PolicyDetailsTestMethods -->
